{"level":"info","message":"Database connected","timestamp":"2025-12-19 08:15:37"}
{"level":"info","message":"Redis connected","timestamp":"2025-12-19 08:15:37"}
{"level":"info","message":"Redis connected","timestamp":"2025-12-19 08:15:37"}
{"level":"info","message":"Initializing background workers...","timestamp":"2025-12-19 08:15:37"}
{"jobs":[{"every":"86400000","name":"cleanup-old-sessions"},{"every":"21600000","name":"cleanup-expired-otps"},{"every":"3600000","name":"expire-subscriptions"}],"level":"info","message":"Scheduled jobs configured","timestamp":"2025-12-19 08:15:37"}
{"level":"info","message":"Background workers initialized","timestamp":"2025-12-19 08:15:37","workers":["email","scheduler"]}
{"level":"info","message":"Server running on PORT: 3000 [development]","timestamp":"2025-12-19 08:15:37"}
{"level":"info","message":"Database connected","timestamp":"2025-12-19 08:22:07"}
{"level":"info","message":"Redis connected","timestamp":"2025-12-19 08:22:07"}
{"level":"info","message":"Redis connected","timestamp":"2025-12-19 08:22:08"}
{"level":"info","message":"Initializing background workers...","timestamp":"2025-12-19 08:22:08"}
{"jobs":[{"every":"86400000","name":"cleanup-old-sessions"},{"every":"21600000","name":"cleanup-expired-otps"},{"every":"3600000","name":"expire-subscriptions"}],"level":"info","message":"Scheduled jobs configured","timestamp":"2025-12-19 08:22:08"}
{"level":"info","message":"Background workers initialized","timestamp":"2025-12-19 08:22:08","workers":["email","scheduler"]}
{"level":"info","message":"Server running on PORT: 3000 [development]","timestamp":"2025-12-19 08:22:08"}
{"level":"info","message":"Database connected","timestamp":"2025-12-19 08:23:00"}
{"level":"info","message":"Redis connected","timestamp":"2025-12-19 08:23:00"}
{"level":"info","message":"Redis connected","timestamp":"2025-12-19 08:23:00"}
{"level":"info","message":"Initializing background workers...","timestamp":"2025-12-19 08:23:00"}
{"jobs":[{"every":"86400000","name":"cleanup-old-sessions"},{"every":"21600000","name":"cleanup-expired-otps"},{"every":"3600000","name":"expire-subscriptions"}],"level":"info","message":"Scheduled jobs configured","timestamp":"2025-12-19 08:23:00"}
{"level":"info","message":"Background workers initialized","timestamp":"2025-12-19 08:23:00","workers":["email","scheduler"]}
{"level":"info","message":"Server running on PORT: 3000 [development]","timestamp":"2025-12-19 08:23:00"}
{"email":"as3305100@gmail.com","level":"info","message":"New user registered","timestamp":"2025-12-19 08:38:08","userId":"01KCTW4PR23T39MWFVNARMF95M"}
{"level":"info","message":"OTP created for user 01KCTW4PR23T39MWFVNARMF95M","timestamp":"2025-12-19 08:38:08"}
{"level":"info","message":"Email job added to queue","timestamp":"2025-12-19 08:38:08","to":"as3305100@gmail.com","type":"OTP"}
{"isNewUser":true,"level":"info","message":"OTP sent for authentication","timestamp":"2025-12-19 08:38:08","userId":"01KCTW4PR23T39MWFVNARMF95M"}
{"jobId":"1","level":"info","message":"Processing email job","timestamp":"2025-12-19 08:38:08","to":"as3305100@gmail.com","type":"OTP"}
{"level":"info","message":"Email sent successfully","subject":"Your OTP Code","timestamp":"2025-12-19 08:38:12","to":"as3305100@gmail.com"}
{"jobId":"1","level":"info","message":"Email sent successfully","timestamp":"2025-12-19 08:38:12","to":"as3305100@gmail.com","type":"OTP"}
{"jobId":"1","level":"info","message":"Email job completed","timestamp":"2025-12-19 08:38:12","type":"OTP"}
{"level":"info","message":"OTP verified successfully for user 01KCTW4PR23T39MWFVNARMF95M","timestamp":"2025-12-19 08:38:42"}
{"isFirstLogin":true,"level":"info","message":"User verified and logged in","timestamp":"2025-12-19 08:38:43","userId":"01KCTW4PR23T39MWFVNARMF95M"}
{"level":"info","message":"Session created successfully","timestamp":"2025-12-19 08:38:43","userId":"01KCTW4PR23T39MWFVNARMF95M"}
{"email":"as3305100@gmail.com","level":"warn","message":"Invalid OTP attempt","timestamp":"2025-12-19 08:39:01","userId":"01KCTW4PR23T39MWFVNARMF95M"}
{"level":"info","message":"OTP created for user 01KCTW4PR23T39MWFVNARMF95M","timestamp":"2025-12-19 08:39:23"}
{"level":"info","message":"Email job added to queue","timestamp":"2025-12-19 08:39:23","to":"as3305100@gmail.com","type":"OTP"}
{"isNewUser":false,"level":"info","message":"OTP sent for authentication","timestamp":"2025-12-19 08:39:23","userId":"01KCTW4PR23T39MWFVNARMF95M"}
{"jobId":"2","level":"info","message":"Processing email job","timestamp":"2025-12-19 08:39:23","to":"as3305100@gmail.com","type":"OTP"}
{"level":"info","message":"Email sent successfully","subject":"Your OTP Code","timestamp":"2025-12-19 08:39:27","to":"as3305100@gmail.com"}
{"jobId":"2","level":"info","message":"Email sent successfully","timestamp":"2025-12-19 08:39:27","to":"as3305100@gmail.com","type":"OTP"}
{"jobId":"2","level":"info","message":"Email job completed","timestamp":"2025-12-19 08:39:27","type":"OTP"}
{"email":"as3305100@gmail.com","level":"warn","message":"Invalid OTP attempt","timestamp":"2025-12-19 08:39:44","userId":"01KCTW4PR23T39MWFVNARMF95M"}
{"level":"info","message":"OTP verified successfully for user 01KCTW4PR23T39MWFVNARMF95M","timestamp":"2025-12-19 08:40:00"}
{"isFirstLogin":false,"level":"info","message":"User verified and logged in","timestamp":"2025-12-19 08:40:00","userId":"01KCTW4PR23T39MWFVNARMF95M"}
{"level":"info","message":"Session created successfully","timestamp":"2025-12-19 08:40:00","userId":"01KCTW4PR23T39MWFVNARMF95M"}
{"level":"info","message":"Session revoked successfully","timestamp":"2025-12-19 08:40:33"}
{"level":"info","message":"OTP created for user 01KCTW4PR23T39MWFVNARMF95M","timestamp":"2025-12-19 08:40:59"}
{"level":"info","message":"Email job added to queue","timestamp":"2025-12-19 08:40:59","to":"as3305100@gmail.com","type":"OTP"}
{"isNewUser":false,"level":"info","message":"OTP sent for authentication","timestamp":"2025-12-19 08:40:59","userId":"01KCTW4PR23T39MWFVNARMF95M"}
{"jobId":"3","level":"info","message":"Processing email job","timestamp":"2025-12-19 08:40:59","to":"as3305100@gmail.com","type":"OTP"}
{"level":"info","message":"Email sent successfully","subject":"Your OTP Code","timestamp":"2025-12-19 08:41:03","to":"as3305100@gmail.com"}
{"jobId":"3","level":"info","message":"Email sent successfully","timestamp":"2025-12-19 08:41:03","to":"as3305100@gmail.com","type":"OTP"}
{"jobId":"3","level":"info","message":"Email job completed","timestamp":"2025-12-19 08:41:03","type":"OTP"}
{"level":"info","message":"OTP created for user 01KCTW4PR23T39MWFVNARMF95M","timestamp":"2025-12-19 08:41:28"}
{"level":"info","message":"Email job added to queue","timestamp":"2025-12-19 08:41:28","to":"as3305100@gmail.com","type":"OTP"}
{"isNewUser":false,"level":"info","message":"OTP sent for authentication","timestamp":"2025-12-19 08:41:28","userId":"01KCTW4PR23T39MWFVNARMF95M"}
{"jobId":"4","level":"info","message":"Processing email job","timestamp":"2025-12-19 08:41:28","to":"as3305100@gmail.com","type":"OTP"}
{"level":"info","message":"Email sent successfully","subject":"Your OTP Code","timestamp":"2025-12-19 08:41:31","to":"as3305100@gmail.com"}
{"jobId":"4","level":"info","message":"Email sent successfully","timestamp":"2025-12-19 08:41:31","to":"as3305100@gmail.com","type":"OTP"}
{"jobId":"4","level":"info","message":"Email job completed","timestamp":"2025-12-19 08:41:31","type":"OTP"}
{"email":"as3305100@gmail.com","level":"warn","message":"Invalid OTP attempt","timestamp":"2025-12-19 08:43:03","userId":"01KCTW4PR23T39MWFVNARMF95M"}
{"level":"info","message":"Database connected","timestamp":"2025-12-19 08:44:05"}
{"level":"info","message":"Redis connected","timestamp":"2025-12-19 08:44:05"}
{"level":"info","message":"Redis connected","timestamp":"2025-12-19 08:44:05"}
{"level":"info","message":"Initializing background workers...","timestamp":"2025-12-19 08:44:05"}
{"jobs":[{"every":"86400000","name":"cleanup-old-sessions"},{"every":"21600000","name":"cleanup-expired-otps"},{"every":"3600000","name":"expire-subscriptions"}],"level":"info","message":"Scheduled jobs configured","timestamp":"2025-12-19 08:44:05"}
{"level":"info","message":"Background workers initialized","timestamp":"2025-12-19 08:44:05","workers":["email","scheduler"]}
{"level":"info","message":"Server running on PORT: 3000 [development]","timestamp":"2025-12-19 08:44:05"}
{"level":"info","message":"Database connected","timestamp":"2025-12-19 08:46:21"}
{"level":"info","message":"Redis connected","timestamp":"2025-12-19 08:46:21"}
{"level":"info","message":"Redis connected","timestamp":"2025-12-19 08:46:21"}
{"level":"info","message":"Initializing background workers...","timestamp":"2025-12-19 08:46:21"}
{"jobs":[{"every":"86400000","name":"cleanup-old-sessions"},{"every":"21600000","name":"cleanup-expired-otps"},{"every":"3600000","name":"expire-subscriptions"}],"level":"info","message":"Scheduled jobs configured","timestamp":"2025-12-19 08:46:21"}
{"level":"info","message":"Background workers initialized","timestamp":"2025-12-19 08:46:21","workers":["email","scheduler"]}
{"level":"info","message":"Server running on PORT: 3000 [development]","timestamp":"2025-12-19 08:46:21"}
